2025-05-26T00:00:55.112+08:00 DEBUG 18216 --- [stathis] [http-nio-8080-exec-5] o.s.security.web.FilterChainProxy        : Securing OPTIONS /api/classrooms/teacher
2025-05-26T00:00:55.125+08:00 DEBUG 18216 --- [stathis] [http-nio-8080-exec-2] o.s.security.web.FilterChainProxy        : Securing GET /api/classrooms/teacher
2025-05-26T00:00:55.127+08:00 DEBUG 18216 --- [stathis] [http-nio-8080-exec-2] org.hibernate.SQL                        : 
    select
        u1_0.user_id,
        u1_0.created_at,
        u1_0.email,
        u1_0.email_verified,
        u1_0.password_hash,
        u1_0.physical_id,
        u1_0.updated_at,
        u1_0.user_role,
        u1_0.version 
    from
        users u1_0 
    where
        u1_0.email=?
2025-05-26T00:00:55.212+08:00 DEBUG 18216 --- [stathis] [http-nio-8080-exec-2] o.s.security.web.FilterChainProxy        : Secured GET /api/classrooms/teacher
2025-05-26T00:00:55.213+08:00 DEBUG 18216 --- [stathis] [http-nio-8080-exec-2] org.hibernate.SQL                        : 
    select
        u1_0.user_id,
        u1_0.created_at,
        u1_0.email,
        u1_0.email_verified,
        u1_0.password_hash,
        u1_0.physical_id,
        u1_0.updated_at,
        u1_0.user_role,
        u1_0.version 
    from
        users u1_0 
    where
        u1_0.email=?
2025-05-26T00:00:55.255+08:00 DEBUG 18216 --- [stathis] [http-nio-8080-exec-2] org.hibernate.SQL                        : 
    select
        c1_0.physical_id,
        c1_0.active,
        c1_0.classroom_code,
        c1_0.created_at,
        c1_0.description,
        c1_0.name,
        c1_0.teacher_id,
        c1_0.updated_at 
    from
        classrooms c1_0 
    where
        c1_0.teacher_id=?
2025-05-26T00:00:55.296+08:00 DEBUG 18216 --- [stathis] [http-nio-8080-exec-2] org.hibernate.SQL                        : 
    select
        up1_0.user_id,
        up1_0.birthdate,
        up1_0.course,
        up1_0.created_at,
        up1_0.department,
        up1_0.first_name,
        up1_0.height_in_meters,
        up1_0.last_name,
        up1_0.position_title,
        up1_0.profile_picture_url,
        up1_0.school,
        up1_0.updated_at,
        up1_0.weight_in_kg,
        up1_0.year_level 
    from
        user_profile up1_0 
    left join
        users u1_0 
            on u1_0.user_id=up1_0.user_id 
    where
        u1_0.physical_id=?
2025-05-26T00:00:55.338+08:00 DEBUG 18216 --- [stathis] [http-nio-8080-exec-2] org.hibernate.SQL                        : 
    select
        up1_0.user_id,
        up1_0.birthdate,
        up1_0.course,
        up1_0.created_at,
        up1_0.department,
        up1_0.first_name,
        up1_0.height_in_meters,
        up1_0.last_name,
        up1_0.position_title,
        up1_0.profile_picture_url,
        up1_0.school,
        up1_0.updated_at,
        up1_0.weight_in_kg,
        up1_0.year_level 
    from
        user_profile up1_0 
    left join
        users u1_0 
            on u1_0.user_id=up1_0.user_id 
    where
        u1_0.physical_id=?
2025-05-26T00:00:55.380+08:00 DEBUG 18216 --- [stathis] [http-nio-8080-exec-2] org.hibernate.SQL                        : 
    select
        cs1_0.classroom_id,
        cs1_0.physical_id,
        cs1_0.created_at,
        cs1_0.student_id,
        s1_0.user_id,
        s1_0.birthdate,
        s1_0.course,
        s1_0.created_at,
        s1_0.department,
        s1_0.first_name,
        s1_0.height_in_meters,
        s1_0.last_name,
        s1_0.position_title,
        s1_0.profile_picture_url,
        s1_0.school,
        s1_0.updated_at,
        u1_0.user_id,
        u1_0.created_at,
        u1_0.email,
        u1_0.email_verified,
        u1_0.password_hash,
        u1_0.physical_id,
        u1_0.updated_at,
        u1_0.user_role,
        u1_0.version,
        s1_0.weight_in_kg,
        s1_0.year_level,
        cs1_0.updated_at,
        cs1_0.verified 
    from
        classroom_students cs1_0 
    left join
        user_profile s1_0 
            on s1_0.user_id=cs1_0.student_id 
    left join
        users u1_0 
            on u1_0.user_id=s1_0.user_id 
    where
        cs1_0.classroom_id=?
